  [1m[36m (1.3ms)[0m  [1mCREATE TABLE "schema_migrations" ("version" varchar NOT NULL) [0m
  [1m[35m (0.0ms)[0m  select sqlite_version(*)
  [1m[36m (1.1ms)[0m  [1mCREATE UNIQUE INDEX "unique_schema_migrations" ON "schema_migrations" ("version")[0m
  [1m[35mActiveRecord::SchemaMigration Load (0.1ms)[0m  SELECT "schema_migrations".* FROM "schema_migrations"
  [1m[36mActiveRecord::SchemaMigration Load (0.4ms)[0m  [1mSELECT "schema_migrations".* FROM "schema_migrations"[0m
Migrating to CreateArticles (20160921163253)
  [1m[35m (0.4ms)[0m  begin transaction
  [1m[36m (0.6ms)[0m  [1mCREATE TABLE "articles" ("id" INTEGER PRIMARY KEY AUTOINCREMENT NOT NULL, "title" varchar, "body" text, "created_at" datetime NOT NULL, "updated_at" datetime NOT NULL) [0m
  [1m[35mSQL (0.2ms)[0m  INSERT INTO "schema_migrations" ("version") VALUES (?)  [["version", "20160921163253"]]
  [1m[36m (0.9ms)[0m  [1mcommit transaction[0m
  [1m[35mActiveRecord::SchemaMigration Load (0.1ms)[0m  SELECT "schema_migrations".* FROM "schema_migrations"


Started GET "/" for ::1 at 2016-09-21 12:36:13 -0400
  [1m[36mActiveRecord::SchemaMigration Load (0.4ms)[0m  [1mSELECT "schema_migrations".* FROM "schema_migrations"[0m
Processing by Rails::WelcomeController#index as HTML
  Rendered /Users/Wenwen/.rvm/gems/ruby-2.3.0/gems/railties-4.2.5/lib/rails/templates/rails/welcome/index.html.erb (2.0ms)
Completed 200 OK in 25ms (Views: 13.1ms | ActiveRecord: 0.0ms)


Started GET "/articles" for ::1 at 2016-09-21 12:36:23 -0400
Processing by ArticlesController#index as HTML
  [1m[35mArticle Load (0.5ms)[0m  SELECT "articles".* FROM "articles"
  Rendered articles/index.html.erb within layouts/application (3.2ms)
Completed 200 OK in 1487ms (Views: 1484.0ms | ActiveRecord: 0.7ms)


Started GET "/assets/articles.self-e3b0c44298fc1c149afbf4c8996fb92427ae41e4649b934ca495991b7852b855.css?body=1" for ::1 at 2016-09-21 12:36:24 -0400


Started GET "/assets/scaffolds.self-dc85d95fc481f277d4fc88ad54581b1aac844c6d25425a9d71626cd69594b87a.css?body=1" for ::1 at 2016-09-21 12:36:24 -0400


Started GET "/assets/articles.self-877aef30ae1b040ab8a3aba4e3e309a11d7f2612f44dde450b5c157aa5f95c05.js?body=1" for ::1 at 2016-09-21 12:36:24 -0400


Started GET "/articles/new" for ::1 at 2016-09-21 12:36:29 -0400
Processing by ArticlesController#new as HTML
  Rendered articles/_form.html.erb (30.9ms)
  Rendered articles/new.html.erb within layouts/application (36.9ms)
Completed 200 OK in 61ms (Views: 56.9ms | ActiveRecord: 0.2ms)


Started GET "/articles/new" for ::1 at 2016-09-21 12:36:32 -0400
Processing by ArticlesController#new as HTML
  Rendered articles/_form.html.erb (1.4ms)
  Rendered articles/new.html.erb within layouts/application (3.5ms)
Completed 200 OK in 19ms (Views: 18.4ms | ActiveRecord: 0.0ms)


Started POST "/articles" for ::1 at 2016-09-21 12:36:41 -0400
Processing by ArticlesController#create as HTML
  Parameters: {"utf8"=>"✓", "authenticity_token"=>"LYnZcoKuflvFgJhCLbA7l81VC/CkC/dCJdmkAoQ5F+2aFn1oRuLg3dqUKBOgp+Mr5BKmD9BHt8NzIwPf0ZKo7A==", "article"=>{"title"=>"Title 1", "body"=>"Body 1"}, "commit"=>"Create Article"}
  [1m[36m (0.1ms)[0m  [1mbegin transaction[0m
  [1m[35mSQL (0.8ms)[0m  INSERT INTO "articles" ("title", "body", "created_at", "updated_at") VALUES (?, ?, ?, ?)  [["title", "Title 1"], ["body", "Body 1"], ["created_at", "2016-09-21 16:36:41.993789"], ["updated_at", "2016-09-21 16:36:41.993789"]]
  [1m[36m (0.8ms)[0m  [1mcommit transaction[0m
Redirected to http://localhost:3000/articles/1
Completed 302 Found in 8ms (ActiveRecord: 1.7ms)


Started GET "/articles/1" for ::1 at 2016-09-21 12:36:42 -0400
Processing by ArticlesController#show as HTML
  Parameters: {"id"=>"1"}
  [1m[35mArticle Load (0.2ms)[0m  SELECT  "articles".* FROM "articles" WHERE "articles"."id" = ? LIMIT 1  [["id", 1]]
  Rendered articles/show.html.erb within layouts/application (0.8ms)
Completed 200 OK in 28ms (Views: 19.6ms | ActiveRecord: 0.2ms)


Started GET "/articles/1/edit" for ::1 at 2016-09-21 12:36:46 -0400
Processing by ArticlesController#edit as HTML
  Parameters: {"id"=>"1"}
  [1m[36mArticle Load (0.1ms)[0m  [1mSELECT  "articles".* FROM "articles" WHERE "articles"."id" = ? LIMIT 1[0m  [["id", 1]]
  Rendered articles/_form.html.erb (2.0ms)
  Rendered articles/edit.html.erb within layouts/application (4.9ms)
Completed 200 OK in 24ms (Views: 22.4ms | ActiveRecord: 0.1ms)


Started PATCH "/articles/1" for ::1 at 2016-09-21 12:36:50 -0400
Processing by ArticlesController#update as HTML
  Parameters: {"utf8"=>"✓", "authenticity_token"=>"KxKzBPGruDRjag2U7Xh0Q97ZGFZ1fMErQ+tavSj3nLucjRceNecmsnx+vcVgb6z/9561qQEwgaoVEf1gfVwjug==", "article"=>{"title"=>"Title 1!", "body"=>"Body 1!"}, "commit"=>"Update Article", "id"=>"1"}
  [1m[35mArticle Load (0.1ms)[0m  SELECT  "articles".* FROM "articles" WHERE "articles"."id" = ? LIMIT 1  [["id", 1]]
  [1m[36m (0.1ms)[0m  [1mbegin transaction[0m
  [1m[35mSQL (0.4ms)[0m  UPDATE "articles" SET "title" = ?, "body" = ?, "updated_at" = ? WHERE "articles"."id" = ?  [["title", "Title 1!"], ["body", "Body 1!"], ["updated_at", "2016-09-21 16:36:50.751465"], ["id", 1]]
  [1m[36m (0.7ms)[0m  [1mcommit transaction[0m
Redirected to http://localhost:3000/articles/1
Completed 302 Found in 6ms (ActiveRecord: 1.3ms)


Started GET "/articles/1" for ::1 at 2016-09-21 12:36:50 -0400
Processing by ArticlesController#show as HTML
  Parameters: {"id"=>"1"}
  [1m[35mArticle Load (0.1ms)[0m  SELECT  "articles".* FROM "articles" WHERE "articles"."id" = ? LIMIT 1  [["id", 1]]
  Rendered articles/show.html.erb within layouts/application (0.5ms)
Completed 200 OK in 32ms (Views: 31.0ms | ActiveRecord: 0.1ms)


Started GET "/articles" for ::1 at 2016-09-21 12:36:52 -0400
Processing by ArticlesController#index as HTML
  [1m[36mArticle Load (0.1ms)[0m  [1mSELECT "articles".* FROM "articles"[0m
  Rendered articles/index.html.erb within layouts/application (1.9ms)
Completed 200 OK in 23ms (Views: 22.4ms | ActiveRecord: 0.1ms)


Started GET "/articles/1" for ::1 at 2016-09-21 12:36:55 -0400
Processing by ArticlesController#show as HTML
  Parameters: {"id"=>"1"}
  [1m[35mArticle Load (0.1ms)[0m  SELECT  "articles".* FROM "articles" WHERE "articles"."id" = ? LIMIT 1  [["id", 1]]
  Rendered articles/show.html.erb within layouts/application (0.9ms)
Completed 200 OK in 22ms (Views: 20.9ms | ActiveRecord: 0.1ms)


Started GET "/articles/1/edit" for ::1 at 2016-09-21 12:36:59 -0400
Processing by ArticlesController#edit as HTML
  Parameters: {"id"=>"1"}
  [1m[36mArticle Load (0.1ms)[0m  [1mSELECT  "articles".* FROM "articles" WHERE "articles"."id" = ? LIMIT 1[0m  [["id", 1]]
  Rendered articles/_form.html.erb (2.1ms)
  Rendered articles/edit.html.erb within layouts/application (4.8ms)
Completed 200 OK in 37ms (Views: 35.7ms | ActiveRecord: 0.1ms)


Started PATCH "/articles/1" for ::1 at 2016-09-21 12:37:04 -0400
Processing by ArticlesController#update as HTML
  Parameters: {"utf8"=>"✓", "authenticity_token"=>"206Cv/6JRb+0u7G7feWOUoY0XgvC6BWj9KmzL9h1Tjts0SalOsXbOauvAerw8lbur3Pz9LakVSKiUxTyjd7xOg==", "article"=>{"title"=>"Title 1", "body"=>"Body 1"}, "commit"=>"Update Article", "id"=>"1"}
  [1m[35mArticle Load (0.1ms)[0m  SELECT  "articles".* FROM "articles" WHERE "articles"."id" = ? LIMIT 1  [["id", 1]]
  [1m[36m (0.1ms)[0m  [1mbegin transaction[0m
  [1m[35mSQL (0.4ms)[0m  UPDATE "articles" SET "title" = ?, "body" = ?, "updated_at" = ? WHERE "articles"."id" = ?  [["title", "Title 1"], ["body", "Body 1"], ["updated_at", "2016-09-21 16:37:04.077609"], ["id", 1]]
  [1m[36m (0.8ms)[0m  [1mcommit transaction[0m
Redirected to http://localhost:3000/articles/1
Completed 302 Found in 6ms (ActiveRecord: 1.5ms)


Started GET "/articles/1" for ::1 at 2016-09-21 12:37:04 -0400
Processing by ArticlesController#show as HTML
  Parameters: {"id"=>"1"}
  [1m[35mArticle Load (0.1ms)[0m  SELECT  "articles".* FROM "articles" WHERE "articles"."id" = ? LIMIT 1  [["id", 1]]
  Rendered articles/show.html.erb within layouts/application (0.6ms)
Completed 200 OK in 35ms (Views: 33.1ms | ActiveRecord: 0.1ms)


Started GET "/articles" for ::1 at 2016-09-21 12:37:06 -0400
Processing by ArticlesController#index as HTML
  [1m[36mArticle Load (0.2ms)[0m  [1mSELECT "articles".* FROM "articles"[0m
  Rendered articles/index.html.erb within layouts/application (1.6ms)
Completed 200 OK in 40ms (Views: 39.0ms | ActiveRecord: 0.2ms)


Started GET "/articles/1/edit" for ::1 at 2016-09-21 12:37:18 -0400
Processing by ArticlesController#edit as HTML
  Parameters: {"id"=>"1"}
  [1m[35mArticle Load (0.1ms)[0m  SELECT  "articles".* FROM "articles" WHERE "articles"."id" = ? LIMIT 1  [["id", 1]]
  Rendered articles/_form.html.erb (2.2ms)
  Rendered articles/edit.html.erb within layouts/application (4.5ms)
Completed 200 OK in 31ms (Views: 29.6ms | ActiveRecord: 0.1ms)


Started GET "/articles" for ::1 at 2016-09-21 12:37:20 -0400
Processing by ArticlesController#index as HTML
  [1m[36mArticle Load (0.2ms)[0m  [1mSELECT "articles".* FROM "articles"[0m
  Rendered articles/index.html.erb within layouts/application (1.1ms)
Completed 200 OK in 17ms (Views: 16.4ms | ActiveRecord: 0.1ms)


Started GET "/articles/1" for ::1 at 2016-09-21 12:37:22 -0400
Processing by ArticlesController#show as HTML
  Parameters: {"id"=>"1"}
  [1m[35mArticle Load (0.1ms)[0m  SELECT  "articles".* FROM "articles" WHERE "articles"."id" = ? LIMIT 1  [["id", 1]]
  Rendered articles/show.html.erb within layouts/application (0.4ms)
Completed 200 OK in 17ms (Views: 15.7ms | ActiveRecord: 0.1ms)


Started GET "/articles" for ::1 at 2016-09-21 12:37:23 -0400
Processing by ArticlesController#index as HTML
  [1m[36mArticle Load (0.2ms)[0m  [1mSELECT "articles".* FROM "articles"[0m
  Rendered articles/index.html.erb within layouts/application (1.2ms)
Completed 200 OK in 17ms (Views: 16.5ms | ActiveRecord: 0.2ms)


Started GET "/articles/new" for ::1 at 2016-09-21 12:37:24 -0400
Processing by ArticlesController#new as HTML
  Rendered articles/_form.html.erb (1.4ms)
  Rendered articles/new.html.erb within layouts/application (3.4ms)
Completed 200 OK in 28ms (Views: 27.2ms | ActiveRecord: 0.0ms)


Started POST "/articles" for ::1 at 2016-09-21 12:37:30 -0400
Processing by ArticlesController#create as HTML
  Parameters: {"utf8"=>"✓", "authenticity_token"=>"LZ9xBav0A6D6zBHYconKX/2Fl+Djty7Liuf7a8KIvY6aANUfb7idJuXYoYn/nhLj1MI6H5f7bkrcHVy2lyMCjw==", "article"=>{"title"=>"Title 2", "body"=>"Body2"}, "commit"=>"Create Article"}
  [1m[35m (0.1ms)[0m  begin transaction
  [1m[36mSQL (0.3ms)[0m  [1mINSERT INTO "articles" ("title", "body", "created_at", "updated_at") VALUES (?, ?, ?, ?)[0m  [["title", "Title 2"], ["body", "Body2"], ["created_at", "2016-09-21 16:37:30.840081"], ["updated_at", "2016-09-21 16:37:30.840081"]]
  [1m[35m (0.7ms)[0m  commit transaction
Redirected to http://localhost:3000/articles/2
Completed 302 Found in 4ms (ActiveRecord: 1.0ms)


Started GET "/articles/2" for ::1 at 2016-09-21 12:37:30 -0400
Processing by ArticlesController#show as HTML
  Parameters: {"id"=>"2"}
  [1m[36mArticle Load (0.1ms)[0m  [1mSELECT  "articles".* FROM "articles" WHERE "articles"."id" = ? LIMIT 1[0m  [["id", 2]]
  Rendered articles/show.html.erb within layouts/application (0.3ms)
Completed 200 OK in 16ms (Views: 15.1ms | ActiveRecord: 0.1ms)


Started GET "/articles" for ::1 at 2016-09-21 12:42:25 -0400
  [1m[36mActiveRecord::SchemaMigration Load (0.5ms)[0m  [1mSELECT "schema_migrations".* FROM "schema_migrations"[0m
Processing by ArticlesController#index as HTML
  [1m[35mArticle Load (0.6ms)[0m  SELECT "articles".* FROM "articles"
  Rendered articles/index.html.erb within layouts/application (8.1ms)
Completed 200 OK in 274ms (Views: 261.4ms | ActiveRecord: 1.0ms)


Started DELETE "/articles/2" for ::1 at 2016-09-21 12:42:31 -0400
Processing by ArticlesController#destroy as HTML
  Parameters: {"authenticity_token"=>"aIa/LWCu/H9+0vNaEsxZ/ZzTcwb69nkdkTx+hVrKl4LfGRs3pOJi+WHGQwuf24FBtZTe+Y66OZzHxtlYD2Eogw==", "id"=>"2"}
  [1m[36mArticle Load (0.2ms)[0m  [1mSELECT  "articles".* FROM "articles" WHERE "articles"."id" = ? LIMIT 1[0m  [["id", 2]]
  [1m[35m (0.1ms)[0m  begin transaction
  [1m[36mSQL (0.2ms)[0m  [1mDELETE FROM "articles" WHERE "articles"."id" = ?[0m  [["id", 2]]
  [1m[35m (0.7ms)[0m  commit transaction
Redirected to http://localhost:3000/articles
Completed 302 Found in 16ms (ActiveRecord: 1.2ms)


Started GET "/articles" for ::1 at 2016-09-21 12:42:31 -0400
Processing by ArticlesController#index as HTML
  [1m[36mArticle Load (0.2ms)[0m  [1mSELECT "articles".* FROM "articles"[0m
  Rendered articles/index.html.erb within layouts/application (1.7ms)
Completed 200 OK in 24ms (Views: 23.3ms | ActiveRecord: 0.2ms)
